<?xml version="1.0" encoding="UTF-8"?>
<testng-results skipped="0" failed="0" ignored="0" total="1" passed="1">
  <reporter-output>
  </reporter-output>
  <suite name="Suite" duration-ms="27294" started-at="2022-02-22T14:35:38 IST" finished-at="2022-02-22T14:36:06 IST">
    <groups>
    </groups>
    <test name="Test" duration-ms="27294" started-at="2022-02-22T14:35:38 IST" finished-at="2022-02-22T14:36:06 IST">
      <class name="BrowserTest">
        <test-method status="PASS" signature="launchBrowserTest()[pri:0, instance:BrowserTest@167fdd33]" name="launchBrowserTest" duration-ms="27241" started-at="2022-02-22T14:35:38 IST" finished-at="2022-02-22T14:36:06 IST">
          <reporter-output>
          </reporter-output>
        </test-method> <!-- launchBrowserTest -->
      </class> <!-- BrowserTest -->
    </test> <!-- Test -->
  </suite> <!-- Suite -->
</testng-results>
